Using pre-set license
Built from '2020.3/staging' branch; Version is '2020.3.10f1 (297d780c91bc) revision 2719096'; Using compiler version '192528614'; Build Type 'Release'
OS: 'Windows 10 Education; OS build 19042.1110; Version 2009; 64bit' Language: 'ko' Physical Memory: 7542 MB
BatchMode: 1, IsHumanControllingUs: 0, StartBugReporterOnCrash: 0, Is64bit: 1, IsPro: 0

 COMMAND LINE ARGUMENTS:
C:\Program Files\Unity\Hub\Editor\2020.3.10f1\Editor\Unity.exe
-adb2
-batchMode
-noUpm
-name
AssetImportWorker0
-projectPath
C:/Users/나미혜/Documents/GitHub/rowing_/RowingRush
-logFile
Logs/AssetImportWorker0.log
-srvPort
5726
Successfully changed project path to: C:/Users/나미혜/Documents/GitHub/rowing_/RowingRush
C:/Users/나미혜/Documents/GitHub/rowing_/RowingRush
Using Asset Import Pipeline V2.
Refreshing native plugins compatible for Editor in 147.54 ms, found 2 plugins.
Preloading 0 native plugins for Editor in 0.00 ms.
Initialize engine version: 2020.3.10f1 (297d780c91bc)
[Subsystems] Discovering subsystems at path C:/Program Files/Unity/Hub/Editor/2020.3.10f1/Editor/Data/Resources/UnitySubsystems
[Subsystems] Discovering subsystems at path C:/Users/나미혜/Documents/GitHub/rowing_/RowingRush/Assets
GfxDevice: creating device client; threaded=0
Direct3D:
    Version:  Direct3D 11.0 [level 11.1]
    Renderer: AMD Radeon(TM) Graphics (ID=0x1636)
    Vendor:   
    VRAM:     3771 MB
    Driver:   27.20.11028.10001
Initialize mono
Mono path[0] = 'C:/Program Files/Unity/Hub/Editor/2020.3.10f1/Editor/Data/Managed'
Mono path[1] = 'C:/Program Files/Unity/Hub/Editor/2020.3.10f1/Editor/Data/MonoBleedingEdge/lib/mono/unityjit'
Mono config path = 'C:/Program Files/Unity/Hub/Editor/2020.3.10f1/Editor/Data/MonoBleedingEdge/etc'
Using monoOptions --debugger-agent=transport=dt_socket,embedding=1,server=y,suspend=n,address=127.0.0.1:56328
Begin MonoManager ReloadAssembly
Registering precompiled unity dll's ...
Register platform support module: C:/Program Files/Unity/Hub/Editor/2020.3.10f1/Editor/Data/PlaybackEngines/WindowsStandaloneSupport/UnityEditor.WindowsStandalone.Extensions.dll
Registered in 0.007572 seconds.
Native extension for WindowsStandalone target not found
Refreshing native plugins compatible for Editor in 160.15 ms, found 2 plugins.
Preloading 0 native plugins for Editor in 0.00 ms.
Mono: successfully reloaded assembly
- Completed reload, in  3.069 seconds
Platform modules already initialized, skipping
Registering precompiled user dll's ...
Registered in 0.022139 seconds.
Begin MonoManager ReloadAssembly
Native extension for WindowsStandalone target not found
Refreshing native plugins compatible for Editor in 147.69 ms, found 2 plugins.
Preloading 0 native plugins for Editor in 0.00 ms.
Mono: successfully reloaded assembly
- Completed reload, in  4.160 seconds
Platform modules already initialized, skipping
========================================================================
Worker process is ready to serve import requests
Shader 'Universal Render Pipeline/Particles/Lit': fallback shader 'Universal Render Pipeline/Particles/SimpleLit' not found
Shader 'Universal Render Pipeline/Particles/Lit': fallback shader 'Universal Render Pipeline/Particles/SimpleLit' not found
Launched and connected shader compiler UnityShaderCompiler.exe after 0.14 seconds
Refreshing native plugins compatible for Editor in 1.10 ms, found 2 plugins.
Preloading 0 native plugins for Editor in 0.00 ms.
Unloading 2887 Unused Serialized files (Serialized files now loaded: 0)
System memory in use before: 131.2 MB.
System memory in use after: 128.4 MB.

Unloading 55 unused Assets to reduce memory usage. Loaded Objects now: 3288.
Total: 8.375100 ms (FindLiveObjects: 0.452400 ms CreateObjectMapping: 0.200400 ms MarkObjects: 4.769100 ms  DeleteObjects: 2.949800 ms)

========================================================================
Received Import Request.
  path: Assets/Scripts/Distance.cs
  artifactKey: Guid(8a8d90907156c9143b9463a6a87fdb0a) Importer(815301076,1909f56bfc062723c751e8b465ee728b)
Start importing Assets/Scripts/Distance.cs using Guid(8a8d90907156c9143b9463a6a87fdb0a) Importer(815301076,1909f56bfc062723c751e8b465ee728b)  -> (artifact id: '1b038e36cd31b86b883f96e63ca0a481') in 0.112215 seconds
  Import took 0.124046 seconds .

========================================================================
Received Prepare
Registering precompiled user dll's ...
Registered in 0.021213 seconds.
Begin MonoManager ReloadAssembly
Native extension for WindowsStandalone target not found
Refreshing native plugins compatible for Editor in 1.18 ms, found 2 plugins.
Preloading 0 native plugins for Editor in 0.00 ms.
Mono: successfully reloaded assembly
- Completed reload, in  3.184 seconds
Platform modules already initialized, skipping
Shader 'Universal Render Pipeline/Particles/Lit': fallback shader 'Universal Render Pipeline/Particles/SimpleLit' not found
Shader 'Universal Render Pipeline/Particles/Lit': fallback shader 'Universal Render Pipeline/Particles/SimpleLit' not found
Refreshing native plugins compatible for Editor in 1.14 ms, found 2 plugins.
Preloading 0 native plugins for Editor in 0.00 ms.
Unloading 2792 Unused Serialized files (Serialized files now loaded: 0)
System memory in use before: 125.6 MB.
System memory in use after: 122.8 MB.

Unloading 50 unused Assets to reduce memory usage. Loaded Objects now: 3291.
Total: 9.226500 ms (FindLiveObjects: 0.501100 ms CreateObjectMapping: 0.195300 ms MarkObjects: 5.601000 ms  DeleteObjects: 2.925200 ms)

========================================================================
Received Import Request.
  Time since last request: 910.079501 seconds.
  path: Assets/Scripts/Distance.cs
  artifactKey: Guid(8a8d90907156c9143b9463a6a87fdb0a) Importer(815301076,1909f56bfc062723c751e8b465ee728b)
Start importing Assets/Scripts/Distance.cs using Guid(8a8d90907156c9143b9463a6a87fdb0a) Importer(815301076,1909f56bfc062723c751e8b465ee728b)  -> (artifact id: '45456e60fc8feface81f27a1164dbac1') in 0.027497 seconds
  Import took 0.038992 seconds .

========================================================================
Received Prepare
Registering precompiled user dll's ...
Registered in 0.020964 seconds.
Begin MonoManager ReloadAssembly
Native extension for WindowsStandalone target not found
Refreshing native plugins compatible for Editor in 1.36 ms, found 2 plugins.
Preloading 0 native plugins for Editor in 0.00 ms.
Mono: successfully reloaded assembly
- Completed reload, in  3.150 seconds
Platform modules already initialized, skipping
Shader 'Universal Render Pipeline/Particles/Lit': fallback shader 'Universal Render Pipeline/Particles/SimpleLit' not found
Shader 'Universal Render Pipeline/Particles/Lit': fallback shader 'Universal Render Pipeline/Particles/SimpleLit' not found
Refreshing native plugins compatible for Editor in 2.82 ms, found 2 plugins.
Preloading 0 native plugins for Editor in 0.00 ms.
Unloading 2792 Unused Serialized files (Serialized files now loaded: 0)
System memory in use before: 125.6 MB.
System memory in use after: 122.9 MB.

Unloading 50 unused Assets to reduce memory usage. Loaded Objects now: 3294.
Total: 15.543400 ms (FindLiveObjects: 0.832200 ms CreateObjectMapping: 0.469000 ms MarkObjects: 11.321000 ms  DeleteObjects: 2.914200 ms)

========================================================================
Received Prepare
Registering precompiled user dll's ...
Registered in 0.019530 seconds.
Begin MonoManager ReloadAssembly
Native extension for WindowsStandalone target not found
Refreshing native plugins compatible for Editor in 1.16 ms, found 2 plugins.
Preloading 0 native plugins for Editor in 0.00 ms.
Mono: successfully reloaded assembly
- Completed reload, in  3.256 seconds
Platform modules already initialized, skipping
Shader 'Universal Render Pipeline/Particles/Lit': fallback shader 'Universal Render Pipeline/Particles/SimpleLit' not found
Shader 'Universal Render Pipeline/Particles/Lit': fallback shader 'Universal Render Pipeline/Particles/SimpleLit' not found
Refreshing native plugins compatible for Editor in 1.12 ms, found 2 plugins.
Preloading 0 native plugins for Editor in 0.00 ms.
Unloading 2792 Unused Serialized files (Serialized files now loaded: 0)
System memory in use before: 125.6 MB.
System memory in use after: 122.9 MB.

Unloading 50 unused Assets to reduce memory usage. Loaded Objects now: 3297.
Total: 8.659900 ms (FindLiveObjects: 0.518000 ms CreateObjectMapping: 0.193500 ms MarkObjects: 4.968200 ms  DeleteObjects: 2.976900 ms)

========================================================================
Received Prepare
Registering precompiled user dll's ...
Registered in 0.018350 seconds.
Begin MonoManager ReloadAssembly
Native extension for WindowsStandalone target not found
Refreshing native plugins compatible for Editor in 1.26 ms, found 2 plugins.
Preloading 0 native plugins for Editor in 0.00 ms.
Mono: successfully reloaded assembly
- Completed reload, in  3.162 seconds
Platform modules already initialized, skipping
Shader 'Universal Render Pipeline/Particles/Lit': fallback shader 'Universal Render Pipeline/Particles/SimpleLit' not found
Shader 'Universal Render Pipeline/Particles/Lit': fallback shader 'Universal Render Pipeline/Particles/SimpleLit' not found
Refreshing native plugins compatible for Editor in 1.22 ms, found 2 plugins.
Preloading 0 native plugins for Editor in 0.00 ms.
Unloading 2792 Unused Serialized files (Serialized files now loaded: 0)
System memory in use before: 125.6 MB.
System memory in use after: 122.9 MB.

Unloading 50 unused Assets to reduce memory usage. Loaded Objects now: 3300.
Total: 9.987200 ms (FindLiveObjects: 0.484400 ms CreateObjectMapping: 0.190400 ms MarkObjects: 6.359400 ms  DeleteObjects: 2.949800 ms)

========================================================================
Received Prepare
Registering precompiled user dll's ...
Registered in 0.020868 seconds.
Begin MonoManager ReloadAssembly
Native extension for WindowsStandalone target not found
Refreshing native plugins compatible for Editor in 1.25 ms, found 2 plugins.
Preloading 0 native plugins for Editor in 0.00 ms.
Mono: successfully reloaded assembly
- Completed reload, in  3.155 seconds
Platform modules already initialized, skipping
Shader 'Universal Render Pipeline/Particles/Lit': fallback shader 'Universal Render Pipeline/Particles/SimpleLit' not found
Shader 'Universal Render Pipeline/Particles/Lit': fallback shader 'Universal Render Pipeline/Particles/SimpleLit' not found
Refreshing native plugins compatible for Editor in 1.18 ms, found 2 plugins.
Preloading 0 native plugins for Editor in 0.00 ms.
Unloading 2792 Unused Serialized files (Serialized files now loaded: 0)
System memory in use before: 125.6 MB.
System memory in use after: 122.9 MB.

Unloading 50 unused Assets to reduce memory usage. Loaded Objects now: 3303.
Total: 8.679600 ms (FindLiveObjects: 0.513600 ms CreateObjectMapping: 0.191500 ms MarkObjects: 4.971900 ms  DeleteObjects: 2.999300 ms)

========================================================================
Received Prepare
Registering precompiled user dll's ...
Registered in 0.019302 seconds.
Begin MonoManager ReloadAssembly
Native extension for WindowsStandalone target not found
Refreshing native plugins compatible for Editor in 1.15 ms, found 2 plugins.
Preloading 0 native plugins for Editor in 0.00 ms.
Mono: successfully reloaded assembly
- Completed reload, in  3.201 seconds
Platform modules already initialized, skipping
Shader 'Universal Render Pipeline/Particles/Lit': fallback shader 'Universal Render Pipeline/Particles/SimpleLit' not found
Shader 'Universal Render Pipeline/Particles/Lit': fallback shader 'Universal Render Pipeline/Particles/SimpleLit' not found
Refreshing native plugins compatible for Editor in 1.11 ms, found 2 plugins.
Preloading 0 native plugins for Editor in 0.00 ms.
Unloading 2792 Unused Serialized files (Serialized files now loaded: 0)
System memory in use before: 125.7 MB.
System memory in use after: 122.9 MB.

Unloading 50 unused Assets to reduce memory usage. Loaded Objects now: 3306.
Total: 8.780400 ms (FindLiveObjects: 0.501200 ms CreateObjectMapping: 0.191700 ms MarkObjects: 4.804500 ms  DeleteObjects: 3.279800 ms)

========================================================================
Received Import Request.
  Time since last request: 1696.543103 seconds.
  path: Assets/Scripts/Distance.cs
  artifactKey: Guid(8a8d90907156c9143b9463a6a87fdb0a) Importer(815301076,1909f56bfc062723c751e8b465ee728b)
Start importing Assets/Scripts/Distance.cs using Guid(8a8d90907156c9143b9463a6a87fdb0a) Importer(815301076,1909f56bfc062723c751e8b465ee728b)  -> (artifact id: '31950ee8eb28c8ba037ddba7e9120405') in 0.021113 seconds
  Import took 0.034328 seconds .

========================================================================
Received Prepare
Registering precompiled user dll's ...
Registered in 0.023431 seconds.
Begin MonoManager ReloadAssembly
Native extension for WindowsStandalone target not found
Refreshing native plugins compatible for Editor in 1.18 ms, found 2 plugins.
Preloading 0 native plugins for Editor in 0.00 ms.
Mono: successfully reloaded assembly
- Completed reload, in  3.141 seconds
Platform modules already initialized, skipping
Shader 'Universal Render Pipeline/Particles/Lit': fallback shader 'Universal Render Pipeline/Particles/SimpleLit' not found
Shader 'Universal Render Pipeline/Particles/Lit': fallback shader 'Universal Render Pipeline/Particles/SimpleLit' not found
Refreshing native plugins compatible for Editor in 1.14 ms, found 2 plugins.
Preloading 0 native plugins for Editor in 0.00 ms.
Unloading 2792 Unused Serialized files (Serialized files now loaded: 0)
System memory in use before: 125.7 MB.
System memory in use after: 123.0 MB.

Unloading 50 unused Assets to reduce memory usage. Loaded Objects now: 3309.
Total: 8.608000 ms (FindLiveObjects: 0.497800 ms CreateObjectMapping: 0.191100 ms MarkObjects: 4.969100 ms  DeleteObjects: 2.946800 ms)

========================================================================
Received Import Request.
  Time since last request: 204.776115 seconds.
  path: Assets/Scripts/Distance.cs
  artifactKey: Guid(8a8d90907156c9143b9463a6a87fdb0a) Importer(815301076,1909f56bfc062723c751e8b465ee728b)
Start importing Assets/Scripts/Distance.cs using Guid(8a8d90907156c9143b9463a6a87fdb0a) Importer(815301076,1909f56bfc062723c751e8b465ee728b)  -> (artifact id: 'd2bfd1c02f40c76b606b253973ed291f') in 0.016691 seconds
  Import took 0.064295 seconds .

========================================================================
Received Prepare
Registering precompiled user dll's ...
Registered in 0.022300 seconds.
Begin MonoManager ReloadAssembly
Native extension for WindowsStandalone target not found
Refreshing native plugins compatible for Editor in 1.34 ms, found 2 plugins.
Preloading 0 native plugins for Editor in 0.00 ms.
Mono: successfully reloaded assembly
- Completed reload, in  3.079 seconds
Platform modules already initialized, skipping
Shader 'Universal Render Pipeline/Particles/Lit': fallback shader 'Universal Render Pipeline/Particles/SimpleLit' not found
Shader 'Universal Render Pipeline/Particles/Lit': fallback shader 'Universal Render Pipeline/Particles/SimpleLit' not found
Refreshing native plugins compatible for Editor in 1.12 ms, found 2 plugins.
Preloading 0 native plugins for Editor in 0.00 ms.
Unloading 2792 Unused Serialized files (Serialized files now loaded: 0)
System memory in use before: 125.7 MB.
System memory in use after: 123.0 MB.

Unloading 50 unused Assets to reduce memory usage. Loaded Objects now: 3312.
Total: 9.042900 ms (FindLiveObjects: 0.489300 ms CreateObjectMapping: 0.195500 ms MarkObjects: 5.425000 ms  DeleteObjects: 2.930000 ms)

AssetImportWorkerClient::OnTransportError - code=2 error=End of file
